[2023-06-25 07:07:03] local.ERROR: Undefined constant "App\Http\d" {"exception":"[object] (Error(code: 0): Undefined constant \"App\\Http\\d\" at F:\\Laravel\\LuongBinhDuongNew\\vendor\\laravel\\framework\\src\\Illuminate\\Container\\Container.php:929)
[stacktrace]
#0 F:\\Laravel\\LuongBinhDuongNew\\vendor\\laravel\\framework\\src\\Illuminate\\Container\\Container.php(929): ReflectionClass->newInstanceArgs(Array)
#1 F:\\Laravel\\LuongBinhDuongNew\\vendor\\laravel\\framework\\src\\Illuminate\\Container\\Container.php(770): Illuminate\\Container\\Container->build('App\\\\Http\\\\Kernel')
#2 F:\\Laravel\\LuongBinhDuongNew\\vendor\\laravel\\framework\\src\\Illuminate\\Foundation\\Application.php(856): Illuminate\\Container\\Container->resolve('App\\\\Http\\\\Kernel', Array, false)
#3 F:\\Laravel\\LuongBinhDuongNew\\vendor\\laravel\\framework\\src\\Illuminate\\Container\\Container.php(296): Illuminate\\Foundation\\Application->resolve('App\\\\Http\\\\Kernel', Array, false)
#4 F:\\Laravel\\LuongBinhDuongNew\\vendor\\laravel\\framework\\src\\Illuminate\\Container\\Container.php(885): Illuminate\\Container\\Container->Illuminate\\Container\\{closure}(Object(Illuminate\\Foundation\\Application), Array)
#5 F:\\Laravel\\LuongBinhDuongNew\\vendor\\laravel\\framework\\src\\Illuminate\\Container\\Container.php(770): Illuminate\\Container\\Container->build(Object(Closure))
#6 F:\\Laravel\\LuongBinhDuongNew\\vendor\\laravel\\framework\\src\\Illuminate\\Foundation\\Application.php(856): Illuminate\\Container\\Container->resolve('Illuminate\\\\Cont...', Array, true)
#7 F:\\Laravel\\LuongBinhDuongNew\\vendor\\laravel\\framework\\src\\Illuminate\\Container\\Container.php(706): Illuminate\\Foundation\\Application->resolve('Illuminate\\\\Cont...', Array)
#8 F:\\Laravel\\LuongBinhDuongNew\\vendor\\laravel\\framework\\src\\Illuminate\\Foundation\\Application.php(841): Illuminate\\Container\\Container->make('Illuminate\\\\Cont...', Array)
#9 F:\\Laravel\\LuongBinhDuongNew\\vendor\\laravel\\sanctum\\src\\SanctumServiceProvider.php(133): Illuminate\\Foundation\\Application->make('Illuminate\\\\Cont...')
#10 F:\\Laravel\\LuongBinhDuongNew\\vendor\\laravel\\sanctum\\src\\SanctumServiceProvider.php(60): Laravel\\Sanctum\\SanctumServiceProvider->configureMiddleware()
#11 F:\\Laravel\\LuongBinhDuongNew\\vendor\\laravel\\framework\\src\\Illuminate\\Container\\BoundMethod.php(36): Laravel\\Sanctum\\SanctumServiceProvider->boot()
#12 F:\\Laravel\\LuongBinhDuongNew\\vendor\\laravel\\framework\\src\\Illuminate\\Container\\Util.php(41): Illuminate\\Container\\BoundMethod::Illuminate\\Container\\{closure}()
#13 F:\\Laravel\\LuongBinhDuongNew\\vendor\\laravel\\framework\\src\\Illuminate\\Container\\BoundMethod.php(93): Illuminate\\Container\\Util::unwrapIfClosure(Object(Closure))
#14 F:\\Laravel\\LuongBinhDuongNew\\vendor\\laravel\\framework\\src\\Illuminate\\Container\\BoundMethod.php(37): Illuminate\\Container\\BoundMethod::callBoundMethod(Object(Illuminate\\Foundation\\Application), Array, Object(Closure))
#15 F:\\Laravel\\LuongBinhDuongNew\\vendor\\laravel\\framework\\src\\Illuminate\\Container\\Container.php(661): Illuminate\\Container\\BoundMethod::call(Object(Illuminate\\Foundation\\Application), Array, Array, NULL)
#16 F:\\Laravel\\LuongBinhDuongNew\\vendor\\laravel\\framework\\src\\Illuminate\\Foundation\\Application.php(929): Illuminate\\Container\\Container->call(Array)
#17 F:\\Laravel\\LuongBinhDuongNew\\vendor\\laravel\\framework\\src\\Illuminate\\Foundation\\Application.php(910): Illuminate\\Foundation\\Application->bootProvider(Object(Laravel\\Sanctum\\SanctumServiceProvider))
#18 [internal function]: Illuminate\\Foundation\\Application->Illuminate\\Foundation\\{closure}(Object(Laravel\\Sanctum\\SanctumServiceProvider), 17)
#19 F:\\Laravel\\LuongBinhDuongNew\\vendor\\laravel\\framework\\src\\Illuminate\\Foundation\\Application.php(911): array_walk(Array, Object(Closure))
#20 F:\\Laravel\\LuongBinhDuongNew\\vendor\\laravel\\framework\\src\\Illuminate\\Foundation\\Bootstrap\\BootProviders.php(17): Illuminate\\Foundation\\Application->boot()
#21 F:\\Laravel\\LuongBinhDuongNew\\vendor\\laravel\\framework\\src\\Illuminate\\Foundation\\Application.php(242): Illuminate\\Foundation\\Bootstrap\\BootProviders->bootstrap(Object(Illuminate\\Foundation\\Application))
#22 F:\\Laravel\\LuongBinhDuongNew\\vendor\\laravel\\framework\\src\\Illuminate\\Foundation\\Console\\Kernel.php(383): Illuminate\\Foundation\\Application->bootstrapWith(Array)
#23 F:\\Laravel\\LuongBinhDuongNew\\vendor\\laravel\\framework\\src\\Illuminate\\Foundation\\Console\\Kernel.php(153): Illuminate\\Foundation\\Console\\Kernel->bootstrap()
#24 Command line code(1): Illuminate\\Foundation\\Console\\Kernel->handle(Object(Symfony\\Component\\Console\\Input\\ArgvInput), Object(Symfony\\Component\\Console\\Output\\ConsoleOutput))
#25 {main}
"} 
[2023-06-25 07:07:03] local.ERROR: Uncaught Error: Undefined constant "App\Http\d" in F:\Laravel\LuongBinhDuongNew\vendor\laravel\framework\src\Illuminate\Container\Container.php:929
Stack trace:
#0 F:\Laravel\LuongBinhDuongNew\vendor\laravel\framework\src\Illuminate\Container\Container.php(929): ReflectionClass->newInstanceArgs(Array)
#1 F:\Laravel\LuongBinhDuongNew\vendor\laravel\framework\src\Illuminate\Container\Container.php(770): Illuminate\Container\Container->build('App\\Http\\Kernel')
#2 F:\Laravel\LuongBinhDuongNew\vendor\laravel\framework\src\Illuminate\Foundation\Application.php(856): Illuminate\Container\Container->resolve('App\\Http\\Kernel', Array, false)
#3 F:\Laravel\LuongBinhDuongNew\vendor\laravel\framework\src\Illuminate\Container\Container.php(296): Illuminate\Foundation\Application->resolve('App\\Http\\Kernel', Array, false)
#4 F:\Laravel\LuongBinhDuongNew\vendor\laravel\framework\src\Illuminate\Container\Container.php(885): Illuminate\Container\Container->Illuminate\Container\{closure}(Object(Illuminate\Foundation\Application), Array)
#5 F:\Laravel\LuongBinhDuongNew\vendor\laravel\framework\src\Illuminate\Container\Container.php(770): Illuminate\Container\Container->build(Object(Closure))
#6 F:\Laravel\LuongBinhDuongNew\vendor\laravel\framework\src\Illuminate\Foundation\Application.php(856): Illuminate\Container\Container->resolve('Illuminate\\Cont...', Array, true)
#7 F:\Laravel\LuongBinhDuongNew\vendor\laravel\framework\src\Illuminate\Container\Container.php(706): Illuminate\Foundation\Application->resolve('Illuminate\\Cont...', Array)
#8 F:\Laravel\LuongBinhDuongNew\vendor\laravel\framework\src\Illuminate\Foundation\Application.php(841): Illuminate\Container\Container->make('Illuminate\\Cont...', Array)
#9 F:\Laravel\LuongBinhDuongNew\vendor\laravel\framework\src\Illuminate\Foundation\helpers.php(120): Illuminate\Foundation\Application->make('Illuminate\\Cont...', Array)
#10 Command line code(1): app('Illuminate\\Cont...')
#11 {main}
  thrown {"exception":"[object] (Symfony\\Component\\ErrorHandler\\Error\\FatalError(code: 0): Uncaught Error: Undefined constant \"App\\Http\\d\" in F:\\Laravel\\LuongBinhDuongNew\\vendor\\laravel\\framework\\src\\Illuminate\\Container\\Container.php:929
Stack trace:
#0 F:\\Laravel\\LuongBinhDuongNew\\vendor\\laravel\\framework\\src\\Illuminate\\Container\\Container.php(929): ReflectionClass->newInstanceArgs(Array)
#1 F:\\Laravel\\LuongBinhDuongNew\\vendor\\laravel\\framework\\src\\Illuminate\\Container\\Container.php(770): Illuminate\\Container\\Container->build('App\\\\Http\\\\Kernel')
#2 F:\\Laravel\\LuongBinhDuongNew\\vendor\\laravel\\framework\\src\\Illuminate\\Foundation\\Application.php(856): Illuminate\\Container\\Container->resolve('App\\\\Http\\\\Kernel', Array, false)
#3 F:\\Laravel\\LuongBinhDuongNew\\vendor\\laravel\\framework\\src\\Illuminate\\Container\\Container.php(296): Illuminate\\Foundation\\Application->resolve('App\\\\Http\\\\Kernel', Array, false)
#4 F:\\Laravel\\LuongBinhDuongNew\\vendor\\laravel\\framework\\src\\Illuminate\\Container\\Container.php(885): Illuminate\\Container\\Container->Illuminate\\Container\\{closure}(Object(Illuminate\\Foundation\\Application), Array)
#5 F:\\Laravel\\LuongBinhDuongNew\\vendor\\laravel\\framework\\src\\Illuminate\\Container\\Container.php(770): Illuminate\\Container\\Container->build(Object(Closure))
#6 F:\\Laravel\\LuongBinhDuongNew\\vendor\\laravel\\framework\\src\\Illuminate\\Foundation\\Application.php(856): Illuminate\\Container\\Container->resolve('Illuminate\\\\Cont...', Array, true)
#7 F:\\Laravel\\LuongBinhDuongNew\\vendor\\laravel\\framework\\src\\Illuminate\\Container\\Container.php(706): Illuminate\\Foundation\\Application->resolve('Illuminate\\\\Cont...', Array)
#8 F:\\Laravel\\LuongBinhDuongNew\\vendor\\laravel\\framework\\src\\Illuminate\\Foundation\\Application.php(841): Illuminate\\Container\\Container->make('Illuminate\\\\Cont...', Array)
#9 F:\\Laravel\\LuongBinhDuongNew\\vendor\\laravel\\framework\\src\\Illuminate\\Foundation\\helpers.php(120): Illuminate\\Foundation\\Application->make('Illuminate\\\\Cont...', Array)
#10 Command line code(1): app('Illuminate\\\\Cont...')
#11 {main}
  thrown at F:\\Laravel\\LuongBinhDuongNew\\vendor\\laravel\\framework\\src\\Illuminate\\Container\\Container.php:929)
[stacktrace]
#0 {main}
"} 
